mode: set
github.com/controlado/league-champions-go/champions.go:68.65,73.56 3 1
github.com/controlado/league-champions-go/champions.go:73.56,75.3 1 1
github.com/controlado/league-champions-go/champions.go:76.2,79.47 3 1
github.com/controlado/league-champions-go/champions.go:79.47,81.3 1 0
github.com/controlado/league-champions-go/champions.go:82.2,82.19 1 1
github.com/controlado/league-champions-go/champions.go:89.68,91.16 2 1
github.com/controlado/league-champions-go/champions.go:91.16,93.3 1 1
github.com/controlado/league-champions-go/champions.go:95.2,95.29 1 1
github.com/controlado/league-champions-go/champions.go:95.29,96.19 1 1
github.com/controlado/league-champions-go/champions.go:96.19,97.12 1 1
github.com/controlado/league-champions-go/champions.go:99.3,112.42 5 1
github.com/controlado/league-champions-go/champions.go:115.2,115.29 1 1
github.com/controlado/league-champions-go/champions.go:115.29,116.18 1 1
github.com/controlado/league-champions-go/champions.go:116.18,117.12 1 1
github.com/controlado/league-champions-go/champions.go:119.3,130.32 4 1
github.com/controlado/league-champions-go/champions.go:130.32,132.33 2 1
github.com/controlado/league-champions-go/champions.go:132.33,134.5 1 1
github.com/controlado/league-champions-go/champions.go:138.2,138.23 1 1
