mode: set
github.com/controlado/league-champions-go/champions.go:65.65,70.56 3 1
github.com/controlado/league-champions-go/champions.go:70.56,72.3 1 1
github.com/controlado/league-champions-go/champions.go:73.2,76.47 3 1
github.com/controlado/league-champions-go/champions.go:76.47,78.3 1 0
github.com/controlado/league-champions-go/champions.go:79.2,79.19 1 1
github.com/controlado/league-champions-go/champions.go:86.68,88.16 2 1
github.com/controlado/league-champions-go/champions.go:88.16,90.3 1 1
github.com/controlado/league-champions-go/champions.go:92.2,92.29 1 1
github.com/controlado/league-champions-go/champions.go:92.29,93.19 1 1
github.com/controlado/league-champions-go/champions.go:93.19,94.12 1 1
github.com/controlado/league-champions-go/champions.go:96.3,106.42 3 1
github.com/controlado/league-champions-go/champions.go:109.2,109.29 1 1
github.com/controlado/league-champions-go/champions.go:109.29,110.18 1 1
github.com/controlado/league-champions-go/champions.go:110.18,111.12 1 1
github.com/controlado/league-champions-go/champions.go:113.3,123.32 3 1
github.com/controlado/league-champions-go/champions.go:123.32,125.33 2 1
github.com/controlado/league-champions-go/champions.go:125.33,127.5 1 1
github.com/controlado/league-champions-go/champions.go:131.2,131.23 1 1
